<?xml version="1.0" encoding="UTF-8"?>
<!-- Generated by org.testng.reporters.JUnitReportReporter -->
<testsuite hostname="DESKTOP-PNP01G1" failures="0" tests="4" name="api.test.UserTests2" time="12.359" errors="0" timestamp="2024-03-25T18:31:22 IST" skipped="0">
  <testcase classname="api.test.UserTests2" name="testPostUser" time="4.831"/>
  <system-out/>
  <testcase classname="api.test.UserTests2" name="testGetUserByName" time="1.969"/>
  <system-out/>
  <testcase classname="api.test.UserTests2" name="testUpdateUserByName" time="3.627"/>
  <system-out/>
  <testcase classname="api.test.UserTests2" name="testDeleteUserByName" time="1.932"/>
  <system-out/>
</testsuite> <!-- api.test.UserTests2 -->
