<?xml version="1.0" encoding="UTF-8"?>
<!-- Generated by org.testng.reporters.JUnitReportReporter -->
<testsuite hostname="DESKTOP-PNP01G1" failures="0" tests="6" name="api.test.DDTests" time="15.199" errors="0" timestamp="2024-03-25T16:26:58 IST" skipped="0">
  <testcase classname="api.test.DDTests" name="testPostuser" time="2.033"/>
  <system-out/>
  <testcase classname="api.test.DDTests" name="testPostuser" time="2.154"/>
  <system-out/>
  <testcase classname="api.test.DDTests" name="testPostuser" time="5.031"/>
  <system-out/>
  <testcase classname="api.test.DDTests" name="testDeleteUserByName" time="2.092"/>
  <system-out/>
  <testcase classname="api.test.DDTests" name="testDeleteUserByName" time="1.845"/>
  <system-out/>
  <testcase classname="api.test.DDTests" name="testDeleteUserByName" time="2.044"/>
  <system-out/>
</testsuite> <!-- api.test.DDTests -->
