<?xml version="1.0" encoding="UTF-8"?>
<!-- Generated by org.testng.reporters.JUnitReportReporter -->
<testsuite hostname="DESKTOP-PNP01G1" failures="0" tests="4" name="api.test.UserTests" time="11.105" errors="0" timestamp="2024-03-25T16:51:17 IST" skipped="0">
  <testcase classname="api.test.UserTests" name="testPostUser" time="4.411"/>
  <system-out/>
  <testcase classname="api.test.UserTests" name="testGetUserByName" time="1.818"/>
  <system-out/>
  <testcase classname="api.test.UserTests" name="testUpdateUserByName" time="3.088"/>
  <system-out/>
  <testcase classname="api.test.UserTests" name="testDeleteUserByName" time="1.788"/>
  <system-out/>
</testsuite> <!-- api.test.UserTests -->
